Build started 4/27/2015 8:35:41 PM.
     1>Project "C:\Users\Abigail_pc\Documents\GitHub\SPv2\SPv2\SPv2.vcxproj" on node 2 (Build target(s)).
     1>ClCompile:
         C:\Program Files (x86)\Microsoft Visual Studio 12.0\VC\bin\CL.exe /c /IC:\Users\Abigail_pc\Documents\opencv\build\x64\vc12\include /IC:\Users\Abigail_pc\Documents\opencv\build\include /IC:\Users\Abigail_pc\Documents\opencv\build\include\opencv /IC:\Users\Abigail_pc\Documents\opencv\build\include\opencv2 /ZI /nologo /W3 /WX- /sdl /Od /Oy- /D WIN32 /D _DEBUG /D _CONSOLE /D _LIB /D _UNICODE /D UNICODE /D _CRT_SECURE_NO_WARNINGS /Gm /EHsc /RTC1 /MDd /GS /fp:precise /Zc:wchar_t /Zc:forScope /Yc"stdafx.h" /Fp"Debug\SPv2.pch" /Fo"Debug\\" /Fd"Debug\vc120.pdb" /Gd /TP /analyze- /errorReport:prompt stdafx.cpp
         stdafx.cpp
         C:\Program Files (x86)\Microsoft Visual Studio 12.0\VC\bin\CL.exe /c /IC:\Users\Abigail_pc\Documents\opencv\build\x64\vc12\include /IC:\Users\Abigail_pc\Documents\opencv\build\include /IC:\Users\Abigail_pc\Documents\opencv\build\include\opencv /IC:\Users\Abigail_pc\Documents\opencv\build\include\opencv2 /ZI /nologo /W3 /WX- /sdl /Od /Oy- /D WIN32 /D _DEBUG /D _CONSOLE /D _LIB /D _UNICODE /D UNICODE /D _CRT_SECURE_NO_WARNINGS /Gm /EHsc /RTC1 /MDd /GS /fp:precise /Zc:wchar_t /Zc:forScope /Yu"stdafx.h" /Fp"Debug\SPv2.pch" /Fo"Debug\\" /Fd"Debug\vc120.pdb" /Gd /TP /analyze- /errorReport:prompt SPv2.cpp
         SPv2.cpp
     1>c:\users\abigail_pc\documents\github\spv2\spv2\spv2.cpp(194): warning C4018: '<' : signed/unsigned mismatch
     1>c:\users\abigail_pc\documents\github\spv2\spv2\spv2.cpp(202): warning C4018: '<' : signed/unsigned mismatch
     1>c:\users\abigail_pc\documents\github\spv2\spv2\spv2.cpp(230): warning C4244: '=' : conversion from 'float' to 'int', possible loss of data
     1>c:\users\abigail_pc\documents\github\spv2\spv2\spv2.cpp(231): warning C4244: '=' : conversion from 'float' to 'int', possible loss of data
     1>c:\users\abigail_pc\documents\github\spv2\spv2\spv2.cpp(306): warning C4244: 'initializing' : conversion from 'int' to 'float', possible loss of data
     1>c:\users\abigail_pc\documents\github\spv2\spv2\spv2.cpp(307): warning C4244: 'initializing' : conversion from 'float' to 'int', possible loss of data
     1>c:\users\abigail_pc\documents\github\spv2\spv2\spv2.cpp(349): warning C4018: '<' : signed/unsigned mismatch
     1>c:\users\abigail_pc\documents\github\spv2\spv2\spv2.cpp(359): warning C4018: '<' : signed/unsigned mismatch
     1>c:\users\abigail_pc\documents\github\spv2\spv2\spv2.cpp(376): warning C4018: '<' : signed/unsigned mismatch
     1>c:\users\abigail_pc\documents\github\spv2\spv2\spv2.cpp(485): warning C4018: '<' : signed/unsigned mismatch
     1>c:\users\abigail_pc\documents\github\spv2\spv2\spv2.cpp(552): warning C4244: 'argument' : conversion from 'float' to 'int', possible loss of data
       Link:
         C:\Program Files (x86)\Microsoft Visual Studio 12.0\VC\bin\link.exe /ERRORREPORT:PROMPT /OUT:"C:\Users\Abigail_pc\Documents\GitHub\SPv2\Debug\SPv2.exe" /INCREMENTAL /NOLOGO /LIBPATH:C:\Users\Abigail_pc\Documents\opencv\build\x86\vc12\lib opencv_contrib249d.lib opencv_core249d.lib opencv_features2d249d.lib opencv_flann249d.lib opencv_gpu249d.lib opencv_highgui249d.lib opencv_imgproc249d.lib opencv_legacy249d.lib opencv_ml249d.lib opencv_nonfree249d.lib opencv_objdetect249d.lib opencv_photo249d.lib opencv_stitching249d.lib opencv_superres249d.lib opencv_ts249d.lib opencv_video249d.lib opencv_videostab249d.lib opencv_calib3d249d.lib kernel32.lib user32.lib gdi32.lib winspool.lib comdlg32.lib advapi32.lib shell32.lib ole32.lib oleaut32.lib uuid.lib odbc32.lib odbccp32.lib /MANIFEST /MANIFESTUAC:"level='asInvoker' uiAccess='false'" /manifest:embed /DEBUG /PDB:"C:\Users\Abigail_pc\Documents\GitHub\SPv2\Debug\SPv2.pdb" /SUBSYSTEM:CONSOLE /TLBID:1 /DYNAMICBASE /NXCOMPAT /IMPLIB:"C:\Users\Abigail_pc\Documents\GitHub\SPv2\Debug\SPv2.lib" /MACHINE:X86 Debug\SPv2.obj
         Debug\stdafx.obj
         SPv2.vcxproj -> C:\Users\Abigail_pc\Documents\GitHub\SPv2\Debug\SPv2.exe
     1>Done Building Project "C:\Users\Abigail_pc\Documents\GitHub\SPv2\SPv2\SPv2.vcxproj" (Build target(s)).

Build succeeded.

Time Elapsed 00:00:03.45
